<?xml version="1.0" encoding="UTF-8"?>
<testsuite xmlns:xsi="http://www.w3.org/2001/XMLSchema-instance" xsi:noNamespaceSchemaLocation="https://maven.apache.org/surefire/maven-surefire-plugin/xsd/surefire-test-report.xsd" version="3.0.2" name="com.raadev.configserver.ConfigServerApplicationTests" time="3.129" tests="1" errors="0" skipped="0" failures="0">
  <properties>
[...]
</properties>
  <testcase name="contextLoads" classname="com.raadev.configserver.ConfigServerApplicationTests" time="0.452">
    <system-out><![CDATA[21:33:01.886 [main] INFO org.springframework.test.context.support.AnnotationConfigContextLoaderUtils -- Could not detect default configuration classes for test class [com.raadev.configserver.ConfigServerApplicationTests]: ConfigServerApplicationTests does not declare any static, non-private, non-final, nested classes annotated with @Configuration.
21:33:01.953 [main] INFO org.springframework.boot.test.context.SpringBootTestContextBootstrapper -- Found @SpringBootConfiguration com.raadev.configserver.ConfigServerApplication for test class com.raadev.configserver.ConfigServerApplicationTests
  .   ____          _            __ _ _
 /\\ / ___'_ __ _ _(_)_ __  __ _ \ \ \ \
( ( )\___ | '_ | '_| | '_ \/ _` | \ \ \ \
 \\/  ___)| |_)| | | | | || (_| |  ) ) ) )
  '  |____| .__|_| |_|_| |_\__, | / / / /
 =========|_|==============|___/=/_/_/_/
 
 :: Spring Boot ::   v4.0.0
 :: Spring Cloud Stream ::   v5.0.0
 :: Spring Cloud Function ::   v5.0.0
2026-01-09T21:33:02.422+07:00  INFO 27927 --- [configserver] [           main] c.r.c.ConfigServerApplicationTests       : Starting ConfigServerApplicationTests using Java 23.0.2 with PID 27927 (started by khommakara in /Users/khommakara/Projects/2026/configserver)
2026-01-09T21:33:02.423+07:00  INFO 27927 --- [configserver] [           main] c.r.c.ConfigServerApplicationTests       : The following 1 profile is active: "native"
2026-01-09T21:33:03.118+07:00  INFO 27927 --- [configserver] [           main] faultConfiguringBeanFactoryPostProcessor : No bean named 'errorChannel' has been explicitly defined. Therefore, a default PublishSubscribeChannel will be created.
2026-01-09T21:33:03.122+07:00  INFO 27927 --- [configserver] [           main] faultConfiguringBeanFactoryPostProcessor : No bean named 'integrationHeaderChannelRegistry' has been explicitly defined. Therefore, a default DefaultHeaderChannelRegistry will be created.
2026-01-09T21:33:03.146+07:00  INFO 27927 --- [configserver] [           main] o.s.cloud.context.scope.GenericScope     : BeanFactory id=69c81a95-a71c-35b3-8372-dcfd31916ab2
2026-01-09T21:33:03.766+07:00  INFO 27927 --- [configserver] [           main] o.s.c.s.m.DirectWithAttributesChannel    : Channel 'configserver.springCloudBusInput' has 1 subscriber(s).
2026-01-09T21:33:04.252+07:00  INFO 27927 --- [configserver] [           main] o.s.b.a.e.web.EndpointLinksResolver      : Exposing 1 endpoint beneath base path '/actuator'
2026-01-09T21:33:04.296+07:00  INFO 27927 --- [configserver] [           main] o.s.i.endpoint.EventDrivenConsumer       : Adding {logging-channel-adapter:_org.springframework.integration.errorLogger} as a subscriber to the 'errorChannel' channel
2026-01-09T21:33:04.296+07:00  INFO 27927 --- [configserver] [           main] o.s.i.channel.PublishSubscribeChannel    : Channel 'configserver.errorChannel' has 1 subscriber(s).
2026-01-09T21:33:04.297+07:00  INFO 27927 --- [configserver] [           main] o.s.i.endpoint.EventDrivenConsumer       : started bean '_org.springframework.integration.errorLogger'
2026-01-09T21:33:04.302+07:00  INFO 27927 --- [configserver] [           main] o.s.c.c.m.FileMonitorConfiguration       : Monitoring for local config changes: [/Users/khommakara/Projects/2026/configserver/target/classes/config]
2026-01-09T21:33:04.305+07:00  INFO 27927 --- [configserver] [           main] o.s.c.s.binder.DefaultBinderFactory      : Creating binder: rabbit
2026-01-09T21:33:04.305+07:00  INFO 27927 --- [configserver] [           main] o.s.c.s.binder.DefaultBinderFactory      : Constructing binder child context for rabbit
2026-01-09T21:33:04.349+07:00  INFO 27927 --- [configserver] [           main] o.s.c.s.binder.DefaultBinderFactory      : Caching the binder: rabbit
2026-01-09T21:33:04.355+07:00  INFO 27927 --- [configserver] [           main] c.s.b.r.p.RabbitExchangeQueueProvisioner : declaring queue for inbound: springCloudBus.anonymous.ec1BmXVSS_qMVGjz8KDOuw, bound to: springCloudBus
2026-01-09T21:33:04.358+07:00  INFO 27927 --- [configserver] [           main] o.s.a.r.c.CachingConnectionFactory       : Attempting to connect to: [localhost:5672]
2026-01-09T21:33:04.373+07:00  INFO 27927 --- [configserver] [           main] o.s.a.r.c.CachingConnectionFactory       : Attempting to connect to: [localhost:5672]
2026-01-09T21:33:04.375+07:00  INFO 27927 --- [configserver] [           main] o.s.a.r.c.CachingConnectionFactory       : Attempting to connect to: [localhost:5672]
2026-01-09T21:33:04.384+07:00  INFO 27927 --- [configserver] [           main] o.s.c.stream.binder.BinderErrorChannel   : Channel 'rabbit-503584840.springCloudBusInput.errors' has 1 subscriber(s).
2026-01-09T21:33:04.385+07:00  INFO 27927 --- [configserver] [           main] o.s.c.stream.binder.BinderErrorChannel   : Channel 'rabbit-503584840.springCloudBusInput.errors' has 2 subscriber(s).
2026-01-09T21:33:04.386+07:00  INFO 27927 --- [configserver] [           main] o.s.a.r.c.CachingConnectionFactory       : Attempting to connect to: [localhost:5672]
2026-01-09T21:33:04.387+07:00  INFO 27927 --- [configserver] [           main] o.s.a.r.l.SimpleMessageListenerContainer : Broker not available; cannot force queue declarations during start: java.net.ConnectException: Connection refused
2026-01-09T21:33:04.391+07:00  INFO 27927 --- [configserver] [_qMVGjz8KDOuw-1] o.s.a.r.c.CachingConnectionFactory       : Attempting to connect to: [localhost:5672]
2026-01-09T21:33:04.392+07:00  INFO 27927 --- [configserver] [           main] o.s.i.a.i.AmqpInboundChannelAdapter      : started bean 'inbound.springCloudBus.anonymous.ec1BmXVSS_qMVGjz8KDOuw'
2026-01-09T21:33:04.418+07:00  INFO 27927 --- [configserver] [           main] c.r.c.ConfigServerApplicationTests       : Started ConfigServerApplicationTests in 2.233 seconds (process running for 3.109)
]]></system-out>
    <system-err><![CDATA[Mockito is currently self-attaching to enable the inline-mock-maker. This will no longer work in future releases of the JDK. Please add Mockito as an agent to your build as described in Mockito's documentation: https://javadoc.io/doc/org.mockito/mockito-core/latest/org.mockito/org/mockito/Mockito.html#0.3
WARNING: A Java agent has been loaded dynamically (/Users/khommakara/.m2/repository/net/bytebuddy/byte-buddy-agent/1.17.8/byte-buddy-agent-1.17.8.jar)
WARNING: If a serviceability tool is in use, please run with -XX:+EnableDynamicAgentLoading to hide this warning
WARNING: If a serviceability tool is not in use, please run with -Djdk.instrument.traceUsage for more information
WARNING: Dynamic loading of agents will be disallowed by default in a future release
]]></system-err>
  </testcase>
</testsuite>